/home/lukasz/autoware/ts_controllers/install/ts_controllers/lib/python3.10/site-packages/ts_controllers/__init__.py
/home/lukasz/autoware/ts_controllers/install/ts_controllers/lib/python3.10/site-packages/ts_controllers/path.py
/home/lukasz/autoware/ts_controllers/install/ts_controllers/lib/python3.10/site-packages/ts_controllers/pure_pursuit.py
/home/lukasz/autoware/ts_controllers/install/ts_controllers/lib/python3.10/site-packages/ts_controllers/mpc_ctrl.py
/home/lukasz/autoware/ts_controllers/install/ts_controllers/lib/python3.10/site-packages/ts_controllers/stanley.py
/home/lukasz/autoware/ts_controllers/install/ts_controllers/lib/python3.10/site-packages/ts_controllers/__pycache__/__init__.cpython-310.pyc
/home/lukasz/autoware/ts_controllers/install/ts_controllers/lib/python3.10/site-packages/ts_controllers/__pycache__/path.cpython-310.pyc
/home/lukasz/autoware/ts_controllers/install/ts_controllers/lib/python3.10/site-packages/ts_controllers/__pycache__/pure_pursuit.cpython-310.pyc
/home/lukasz/autoware/ts_controllers/install/ts_controllers/lib/python3.10/site-packages/ts_controllers/__pycache__/mpc_ctrl.cpython-310.pyc
/home/lukasz/autoware/ts_controllers/install/ts_controllers/lib/python3.10/site-packages/ts_controllers/__pycache__/stanley.cpython-310.pyc
/home/lukasz/autoware/ts_controllers/install/ts_controllers/share/ament_index/resource_index/packages/ts_controllers
/home/lukasz/autoware/ts_controllers/install/ts_controllers/share/ts_controllers/package.xml
/home/lukasz/autoware/ts_controllers/install/ts_controllers/share/ts_controllers/path.csv
/home/lukasz/autoware/ts_controllers/install/ts_controllers/share/ts_controllers
/home/lukasz/autoware/ts_controllers/install/ts_controllers/lib/python3.10/site-packages/ts_controllers-0.0.0-py3.10.egg-info/entry_points.txt
/home/lukasz/autoware/ts_controllers/install/ts_controllers/lib/python3.10/site-packages/ts_controllers-0.0.0-py3.10.egg-info/dependency_links.txt
/home/lukasz/autoware/ts_controllers/install/ts_controllers/lib/python3.10/site-packages/ts_controllers-0.0.0-py3.10.egg-info/SOURCES.txt
/home/lukasz/autoware/ts_controllers/install/ts_controllers/lib/python3.10/site-packages/ts_controllers-0.0.0-py3.10.egg-info/top_level.txt
/home/lukasz/autoware/ts_controllers/install/ts_controllers/lib/python3.10/site-packages/ts_controllers-0.0.0-py3.10.egg-info/PKG-INFO
/home/lukasz/autoware/ts_controllers/install/ts_controllers/lib/python3.10/site-packages/ts_controllers-0.0.0-py3.10.egg-info/zip-safe
/home/lukasz/autoware/ts_controllers/install/ts_controllers/lib/python3.10/site-packages/ts_controllers-0.0.0-py3.10.egg-info/requires.txt
/home/lukasz/autoware/ts_controllers/install/ts_controllers/lib/ts_controllers/mpc_ctrl
/home/lukasz/autoware/ts_controllers/install/ts_controllers/lib/ts_controllers/path_publisher
/home/lukasz/autoware/ts_controllers/install/ts_controllers/lib/ts_controllers/pure_pursuit_ctrl
/home/lukasz/autoware/ts_controllers/install/ts_controllers/lib/ts_controllers/stanley_ctrl
