[0.562s] DEBUG:colcon:Command line arguments: ['/usr/bin/colcon', 'build']
[0.562s] DEBUG:colcon:Parsed command line arguments: Namespace(log_base=None, log_level=None, verb_name='build', build_base='build', install_base='install', merge_install=False, symlink_install=False, test_result_base=None, continue_on_error=False, executor='parallel', parallel_workers=8, event_handlers=None, ignore_user_meta=False, metas=['./colcon.meta'], base_paths=['.'], packages_ignore=None, packages_ignore_regex=None, paths=None, packages_up_to=None, packages_up_to_regex=None, packages_above=None, packages_above_and_dependencies=None, packages_above_depth=None, packages_select_by_dep=None, packages_skip_by_dep=None, packages_skip_up_to=None, packages_select_build_failed=False, packages_skip_build_finished=False, packages_select_test_failures=False, packages_skip_test_passed=False, packages_select=None, packages_skip=None, packages_select_regex=None, packages_skip_regex=None, packages_start=None, packages_end=None, allow_overriding=[], cmake_args=None, cmake_target=None, cmake_target_skip_unavailable=False, cmake_clean_cache=False, cmake_clean_first=False, cmake_force_configure=False, ament_cmake_args=None, catkin_cmake_args=None, catkin_skip_building_tests=False, mixin_files=None, mixin=None, verb_parser=<colcon_mixin.mixin.mixin_argument.MixinArgumentDecorator object at 0x7fa86a0e68f0>, verb_extension=<colcon_core.verb.build.BuildVerb object at 0x7fa86a9ee890>, main=<bound method BuildVerb.main of <colcon_core.verb.build.BuildVerb object at 0x7fa86a9ee890>>, mixin_verb=('build',))
[0.598s] Level 1:colcon.colcon_core.package_discovery:discover_packages(colcon_meta) check parameters
[0.598s] Level 1:colcon.colcon_core.package_discovery:discover_packages(recursive) check parameters
[0.598s] Level 1:colcon.colcon_core.package_discovery:discover_packages(ignore) check parameters
[0.598s] Level 1:colcon.colcon_core.package_discovery:discover_packages(path) check parameters
[0.598s] Level 1:colcon.colcon_core.package_discovery:discover_packages(colcon_meta) discover
[0.598s] Level 1:colcon.colcon_core.package_discovery:discover_packages(recursive) discover
[0.598s] INFO:colcon.colcon_core.package_discovery:Crawling recursively for packages in '/home/lukasz/autoware/ts_controllers'
[0.598s] Level 1:colcon.colcon_core.package_identification:_identify(.) by extensions ['ignore', 'ignore_ament_install']
[0.599s] Level 1:colcon.colcon_core.package_identification:_identify(.) by extension 'ignore'
[0.599s] Level 1:colcon.colcon_core.package_identification:_identify(.) by extension 'ignore_ament_install'
[0.599s] Level 1:colcon.colcon_core.package_identification:_identify(.) by extensions ['colcon_pkg']
[0.599s] Level 1:colcon.colcon_core.package_identification:_identify(.) by extension 'colcon_pkg'
[0.599s] Level 1:colcon.colcon_core.package_identification:_identify(.) by extensions ['colcon_meta']
[0.599s] Level 1:colcon.colcon_core.package_identification:_identify(.) by extension 'colcon_meta'
[0.599s] Level 1:colcon.colcon_core.package_identification:_identify(.) by extensions ['ros']
[0.599s] Level 1:colcon.colcon_core.package_identification:_identify(.) by extension 'ros'
[0.614s] DEBUG:colcon.colcon_core.package_identification:Package '.' with type 'ros.ament_python' and name 'ts_controllers'
[0.614s] Level 1:colcon.colcon_core.package_discovery:discover_packages(recursive) using defaults
[0.614s] Level 1:colcon.colcon_core.package_discovery:discover_packages(ignore) discover
[0.614s] Level 1:colcon.colcon_core.package_discovery:discover_packages(ignore) using defaults
[0.614s] Level 1:colcon.colcon_core.package_discovery:discover_packages(path) discover
[0.614s] Level 1:colcon.colcon_core.package_discovery:discover_packages(path) using defaults
[0.663s] Level 1:colcon.colcon_core.package_discovery:discover_packages(prefix_path) check parameters
[0.664s] Level 1:colcon.colcon_core.package_discovery:discover_packages(prefix_path) discover
[0.687s] DEBUG:colcon.colcon_installed_package_information.package_discovery:Found 1 installed packages in /home/lukasz/autoware/ts_controllers/install
[0.695s] DEBUG:colcon.colcon_installed_package_information.package_discovery:Found 279 installed packages in /home/lukasz/autoware/install
[0.698s] DEBUG:colcon.colcon_installed_package_information.package_discovery:Found 1 installed packages in /home/lukasz/autoware/tswr_awsim/install
[0.700s] DEBUG:colcon.colcon_installed_package_information.package_discovery:Found 333 installed packages in /opt/ros/humble
[0.702s] Level 1:colcon.colcon_core.package_discovery:discover_packages(prefix_path) using defaults
[0.816s] Level 5:colcon.colcon_core.verb:set package 'ts_controllers' build argument 'cmake_args' from command line to 'None'
[0.816s] Level 5:colcon.colcon_core.verb:set package 'ts_controllers' build argument 'cmake_target' from command line to 'None'
[0.816s] Level 5:colcon.colcon_core.verb:set package 'ts_controllers' build argument 'cmake_target_skip_unavailable' from command line to 'False'
[0.816s] Level 5:colcon.colcon_core.verb:set package 'ts_controllers' build argument 'cmake_clean_cache' from command line to 'False'
[0.816s] Level 5:colcon.colcon_core.verb:set package 'ts_controllers' build argument 'cmake_clean_first' from command line to 'False'
[0.816s] Level 5:colcon.colcon_core.verb:set package 'ts_controllers' build argument 'cmake_force_configure' from command line to 'False'
[0.816s] Level 5:colcon.colcon_core.verb:set package 'ts_controllers' build argument 'ament_cmake_args' from command line to 'None'
[0.816s] Level 5:colcon.colcon_core.verb:set package 'ts_controllers' build argument 'catkin_cmake_args' from command line to 'None'
[0.816s] Level 5:colcon.colcon_core.verb:set package 'ts_controllers' build argument 'catkin_skip_building_tests' from command line to 'False'
[0.816s] DEBUG:colcon.colcon_core.verb:Building package 'ts_controllers' with the following arguments: {'ament_cmake_args': None, 'build_base': '/home/lukasz/autoware/ts_controllers/build/ts_controllers', 'catkin_cmake_args': None, 'catkin_skip_building_tests': False, 'cmake_args': None, 'cmake_clean_cache': False, 'cmake_clean_first': False, 'cmake_force_configure': False, 'cmake_target': None, 'cmake_target_skip_unavailable': False, 'install_base': '/home/lukasz/autoware/ts_controllers/install/ts_controllers', 'merge_install': False, 'path': '/home/lukasz/autoware/ts_controllers', 'symlink_install': False, 'test_result_base': None}
[0.817s] INFO:colcon.colcon_core.executor:Executing jobs using 'parallel' executor
[0.821s] DEBUG:colcon.colcon_parallel_executor.executor.parallel:run_until_complete
[0.821s] INFO:colcon.colcon_ros.task.ament_python.build:Building ROS package in '/home/lukasz/autoware/ts_controllers' with build type 'ament_python'
[0.821s] Level 1:colcon.colcon_core.shell:create_environment_hook('ts_controllers', 'ament_prefix_path')
[0.830s] INFO:colcon.colcon_core.plugin_system:Skipping extension 'colcon_core.shell.bat': Not used on non-Windows systems
[0.830s] INFO:colcon.colcon_core.shell:Creating environment hook '/home/lukasz/autoware/ts_controllers/install/ts_controllers/share/ts_controllers/hook/ament_prefix_path.ps1'
[0.831s] INFO:colcon.colcon_core.shell:Creating environment descriptor '/home/lukasz/autoware/ts_controllers/install/ts_controllers/share/ts_controllers/hook/ament_prefix_path.dsv'
[0.832s] INFO:colcon.colcon_core.shell:Creating environment hook '/home/lukasz/autoware/ts_controllers/install/ts_controllers/share/ts_controllers/hook/ament_prefix_path.sh'
[0.836s] INFO:colcon.colcon_core.shell:Skip shell extension 'powershell' for command environment: Not usable outside of PowerShell
[0.836s] DEBUG:colcon.colcon_core.shell:Skip shell extension 'dsv' for command environment
[1.433s] INFO:colcon.colcon_core.task.python.build:Building Python package in '/home/lukasz/autoware/ts_controllers'
[1.436s] INFO:colcon.colcon_core.shell:Skip shell extension 'powershell' for command environment: Not usable outside of PowerShell
[1.436s] DEBUG:colcon.colcon_core.shell:Skip shell extension 'dsv' for command environment
[2.160s] DEBUG:colcon.colcon_core.event_handler.log_command:Invoking command in '/home/lukasz/autoware/ts_controllers': PYTHONPATH=/home/lukasz/autoware/ts_controllers/build/ts_controllers/prefix_override:/home/lukasz/autoware/ts_controllers/install/ts_controllers/lib/python3.10/site-packages:${PYTHONPATH} /usr/bin/python3 setup.py egg_info --egg-base build/ts_controllers build --build-base /home/lukasz/autoware/ts_controllers/build/ts_controllers/build install --record /home/lukasz/autoware/ts_controllers/build/ts_controllers/install.log --single-version-externally-managed
[2.745s] DEBUG:colcon.colcon_core.event_handler.log_command:Invoked command in '/home/lukasz/autoware/ts_controllers' returned '0': PYTHONPATH=/home/lukasz/autoware/ts_controllers/build/ts_controllers/prefix_override:/home/lukasz/autoware/ts_controllers/install/ts_controllers/lib/python3.10/site-packages:${PYTHONPATH} /usr/bin/python3 setup.py egg_info --egg-base build/ts_controllers build --build-base /home/lukasz/autoware/ts_controllers/build/ts_controllers/build install --record /home/lukasz/autoware/ts_controllers/build/ts_controllers/install.log --single-version-externally-managed
[2.754s] Level 1:colcon.colcon_core.environment:checking '/home/lukasz/autoware/ts_controllers/install/ts_controllers' for CMake module files
[2.754s] Level 1:colcon.colcon_core.environment:checking '/home/lukasz/autoware/ts_controllers/install/ts_controllers' for CMake config files
[2.755s] Level 1:colcon.colcon_core.environment:checking '/home/lukasz/autoware/ts_controllers/install/ts_controllers/lib'
[2.756s] Level 1:colcon.colcon_core.environment:checking '/home/lukasz/autoware/ts_controllers/install/ts_controllers/bin'
[2.756s] Level 1:colcon.colcon_core.environment:checking '/home/lukasz/autoware/ts_controllers/install/ts_controllers/lib/pkgconfig/ts_controllers.pc'
[2.756s] Level 1:colcon.colcon_core.environment:checking '/home/lukasz/autoware/ts_controllers/install/ts_controllers/lib/python3.10/site-packages'
[2.756s] Level 1:colcon.colcon_core.shell:create_environment_hook('ts_controllers', 'pythonpath')
[2.759s] INFO:colcon.colcon_core.shell:Creating environment hook '/home/lukasz/autoware/ts_controllers/install/ts_controllers/share/ts_controllers/hook/pythonpath.ps1'
[2.760s] INFO:colcon.colcon_core.shell:Creating environment descriptor '/home/lukasz/autoware/ts_controllers/install/ts_controllers/share/ts_controllers/hook/pythonpath.dsv'
[2.761s] INFO:colcon.colcon_core.shell:Creating environment hook '/home/lukasz/autoware/ts_controllers/install/ts_controllers/share/ts_controllers/hook/pythonpath.sh'
[2.762s] Level 1:colcon.colcon_core.environment:checking '/home/lukasz/autoware/ts_controllers/install/ts_controllers/bin'
[2.762s] Level 1:colcon.colcon_core.environment:create_environment_scripts_only(ts_controllers)
[2.765s] INFO:colcon.colcon_core.shell:Creating package script '/home/lukasz/autoware/ts_controllers/install/ts_controllers/share/ts_controllers/package.ps1'
[2.766s] INFO:colcon.colcon_core.shell:Creating package descriptor '/home/lukasz/autoware/ts_controllers/install/ts_controllers/share/ts_controllers/package.dsv'
[2.766s] INFO:colcon.colcon_core.shell:Creating package script '/home/lukasz/autoware/ts_controllers/install/ts_controllers/share/ts_controllers/package.sh'
[2.767s] INFO:colcon.colcon_core.shell:Creating package script '/home/lukasz/autoware/ts_controllers/install/ts_controllers/share/ts_controllers/package.bash'
[2.768s] INFO:colcon.colcon_core.shell:Creating package script '/home/lukasz/autoware/ts_controllers/install/ts_controllers/share/ts_controllers/package.zsh'
[2.769s] Level 1:colcon.colcon_core.environment:create_file_with_runtime_dependencies(/home/lukasz/autoware/ts_controllers/install/ts_controllers/share/colcon-core/packages/ts_controllers)
[2.769s] DEBUG:colcon.colcon_parallel_executor.executor.parallel:closing loop
[2.769s] DEBUG:colcon.colcon_parallel_executor.executor.parallel:loop closed
[2.769s] DEBUG:colcon.colcon_parallel_executor.executor.parallel:run_until_complete finished with '0'
[2.769s] DEBUG:colcon.colcon_core.event_reactor:joining thread
[2.784s] INFO:colcon.colcon_core.plugin_system:Skipping extension 'colcon_notification.desktop_notification.notify_send': Could not find 'notify-send'
[2.784s] INFO:colcon.colcon_core.plugin_system:Skipping extension 'colcon_notification.desktop_notification.terminal_notifier': Not used on non-Darwin systems
[2.784s] INFO:colcon.colcon_core.plugin_system:Skipping extension 'colcon_notification.desktop_notification.win32': Not used on non-Windows systems
[2.784s] INFO:colcon.colcon_notification.desktop_notification:Sending desktop notification using 'notify2'
[2.788s] DEBUG:colcon.colcon_notification.desktop_notification.notify2:Failed to initialize notify2: org.freedesktop.DBus.Error.Spawn.ExecFailed: /usr/bin/dbus-launch terminated abnormally without any error message
[2.788s] DEBUG:colcon.colcon_core.event_reactor:joined thread
[2.793s] INFO:colcon.colcon_core.shell:Creating prefix script '/home/lukasz/autoware/ts_controllers/install/local_setup.ps1'
[2.794s] INFO:colcon.colcon_core.shell:Creating prefix util module '/home/lukasz/autoware/ts_controllers/install/_local_setup_util_ps1.py'
[2.795s] INFO:colcon.colcon_core.shell:Creating prefix chain script '/home/lukasz/autoware/ts_controllers/install/setup.ps1'
[2.814s] INFO:colcon.colcon_core.shell:Creating prefix script '/home/lukasz/autoware/ts_controllers/install/local_setup.sh'
[2.814s] INFO:colcon.colcon_core.shell:Creating prefix util module '/home/lukasz/autoware/ts_controllers/install/_local_setup_util_sh.py'
[2.815s] INFO:colcon.colcon_core.shell:Creating prefix chain script '/home/lukasz/autoware/ts_controllers/install/setup.sh'
[2.831s] INFO:colcon.colcon_core.shell:Creating prefix script '/home/lukasz/autoware/ts_controllers/install/local_setup.bash'
[2.832s] INFO:colcon.colcon_core.shell:Creating prefix chain script '/home/lukasz/autoware/ts_controllers/install/setup.bash'
[2.851s] INFO:colcon.colcon_core.shell:Creating prefix script '/home/lukasz/autoware/ts_controllers/install/local_setup.zsh'
[2.852s] INFO:colcon.colcon_core.shell:Creating prefix chain script '/home/lukasz/autoware/ts_controllers/install/setup.zsh'
