[1.281s] Invoking command in '/home/lukasz/autoware/ts_controllers': PYTHONPATH=/home/lukasz/autoware/ts_controllers/build/ts_controllers/prefix_override:/home/lukasz/autoware/ts_controllers/install/ts_controllers/lib/python3.10/site-packages:${PYTHONPATH} /usr/bin/python3 setup.py egg_info --egg-base build/ts_controllers build --build-base /home/lukasz/autoware/ts_controllers/build/ts_controllers/build install --record /home/lukasz/autoware/ts_controllers/build/ts_controllers/install.log --single-version-externally-managed
[1.758s] running egg_info
[1.759s] writing build/ts_controllers/ts_controllers.egg-info/PKG-INFO
[1.759s] writing dependency_links to build/ts_controllers/ts_controllers.egg-info/dependency_links.txt
[1.759s] writing entry points to build/ts_controllers/ts_controllers.egg-info/entry_points.txt
[1.760s] writing requirements to build/ts_controllers/ts_controllers.egg-info/requires.txt
[1.760s] writing top-level names to build/ts_controllers/ts_controllers.egg-info/top_level.txt
[1.763s] reading manifest file 'build/ts_controllers/ts_controllers.egg-info/SOURCES.txt'
[1.765s] writing manifest file 'build/ts_controllers/ts_controllers.egg-info/SOURCES.txt'
[1.765s] running build
[1.765s] running build_py
[1.765s] copying ts_controllers/path.py -> /home/lukasz/autoware/ts_controllers/build/ts_controllers/build/lib/ts_controllers
[1.766s] copying ts_controllers/pure_pursuit.py -> /home/lukasz/autoware/ts_controllers/build/ts_controllers/build/lib/ts_controllers
[1.766s] running install
[1.766s] /usr/lib/python3/dist-packages/setuptools/command/install.py:34: SetuptoolsDeprecationWarning: setup.py install is deprecated. Use build and pip and other standards-based tools.
[1.766s]   warnings.warn(
[1.767s] running install_lib
[1.768s] copying /home/lukasz/autoware/ts_controllers/build/ts_controllers/build/lib/ts_controllers/path.py -> /home/lukasz/autoware/ts_controllers/install/ts_controllers/lib/python3.10/site-packages/ts_controllers
[1.768s] copying /home/lukasz/autoware/ts_controllers/build/ts_controllers/build/lib/ts_controllers/pure_pursuit.py -> /home/lukasz/autoware/ts_controllers/install/ts_controllers/lib/python3.10/site-packages/ts_controllers
[1.770s] byte-compiling /home/lukasz/autoware/ts_controllers/install/ts_controllers/lib/python3.10/site-packages/ts_controllers/path.py to path.cpython-310.pyc
[1.772s] byte-compiling /home/lukasz/autoware/ts_controllers/install/ts_controllers/lib/python3.10/site-packages/ts_controllers/pure_pursuit.py to pure_pursuit.cpython-310.pyc
[1.773s] running install_data
[1.774s] running install_egg_info
[1.777s] removing '/home/lukasz/autoware/ts_controllers/install/ts_controllers/lib/python3.10/site-packages/ts_controllers-0.0.0-py3.10.egg-info' (and everything under it)
[1.778s] Copying build/ts_controllers/ts_controllers.egg-info to /home/lukasz/autoware/ts_controllers/install/ts_controllers/lib/python3.10/site-packages/ts_controllers-0.0.0-py3.10.egg-info
[1.779s] running install_scripts
[1.813s] Installing mpc_ctrl script to /home/lukasz/autoware/ts_controllers/install/ts_controllers/lib/ts_controllers
[1.813s] Installing path_publisher script to /home/lukasz/autoware/ts_controllers/install/ts_controllers/lib/ts_controllers
[1.813s] Installing pure_pursuit_ctrl script to /home/lukasz/autoware/ts_controllers/install/ts_controllers/lib/ts_controllers
[1.814s] Installing stanley_ctrl script to /home/lukasz/autoware/ts_controllers/install/ts_controllers/lib/ts_controllers
[1.814s] writing list of installed files to '/home/lukasz/autoware/ts_controllers/build/ts_controllers/install.log'
[1.854s] Invoked command in '/home/lukasz/autoware/ts_controllers' returned '0': PYTHONPATH=/home/lukasz/autoware/ts_controllers/build/ts_controllers/prefix_override:/home/lukasz/autoware/ts_controllers/install/ts_controllers/lib/python3.10/site-packages:${PYTHONPATH} /usr/bin/python3 setup.py egg_info --egg-base build/ts_controllers build --build-base /home/lukasz/autoware/ts_controllers/build/ts_controllers/build install --record /home/lukasz/autoware/ts_controllers/build/ts_controllers/install.log --single-version-externally-managed
