[1.338s] Invoking command in '/home/lukasz/autoware/ts_controllers': PYTHONPATH=/home/lukasz/autoware/ts_controllers/build/ts_controllers/prefix_override:/home/lukasz/autoware/ts_controllers/install/ts_controllers/lib/python3.10/site-packages:${PYTHONPATH} /usr/bin/python3 setup.py egg_info --egg-base build/ts_controllers build --build-base /home/lukasz/autoware/ts_controllers/build/ts_controllers/build install --record /home/lukasz/autoware/ts_controllers/build/ts_controllers/install.log --single-version-externally-managed
[1.842s] running egg_info
[1.842s] writing build/ts_controllers/ts_controllers.egg-info/PKG-INFO
[1.843s] writing dependency_links to build/ts_controllers/ts_controllers.egg-info/dependency_links.txt
[1.843s] writing entry points to build/ts_controllers/ts_controllers.egg-info/entry_points.txt
[1.843s] writing requirements to build/ts_controllers/ts_controllers.egg-info/requires.txt
[1.843s] writing top-level names to build/ts_controllers/ts_controllers.egg-info/top_level.txt
[1.846s] reading manifest file 'build/ts_controllers/ts_controllers.egg-info/SOURCES.txt'
[1.847s] writing manifest file 'build/ts_controllers/ts_controllers.egg-info/SOURCES.txt'
[1.847s] running build
[1.848s] running build_py
[1.848s] copying ts_controllers/mpc_ctrl.py -> /home/lukasz/autoware/ts_controllers/build/ts_controllers/build/lib/ts_controllers
[1.848s] running install
[1.849s] /usr/lib/python3/dist-packages/setuptools/command/install.py:34: SetuptoolsDeprecationWarning: setup.py install is deprecated. Use build and pip and other standards-based tools.
[1.849s]   warnings.warn(
[1.849s] running install_lib
[1.850s] copying /home/lukasz/autoware/ts_controllers/build/ts_controllers/build/lib/ts_controllers/mpc_ctrl.py -> /home/lukasz/autoware/ts_controllers/install/ts_controllers/lib/python3.10/site-packages/ts_controllers
[1.851s] byte-compiling /home/lukasz/autoware/ts_controllers/install/ts_controllers/lib/python3.10/site-packages/ts_controllers/mpc_ctrl.py to mpc_ctrl.cpython-310.pyc
[1.853s] running install_data
[1.854s] running install_egg_info
[1.856s] removing '/home/lukasz/autoware/ts_controllers/install/ts_controllers/lib/python3.10/site-packages/ts_controllers-0.0.0-py3.10.egg-info' (and everything under it)
[1.856s] Copying build/ts_controllers/ts_controllers.egg-info to /home/lukasz/autoware/ts_controllers/install/ts_controllers/lib/python3.10/site-packages/ts_controllers-0.0.0-py3.10.egg-info
[1.857s] running install_scripts
[1.889s] Installing mpc_ctrl script to /home/lukasz/autoware/ts_controllers/install/ts_controllers/lib/ts_controllers
[1.889s] Installing path_publisher script to /home/lukasz/autoware/ts_controllers/install/ts_controllers/lib/ts_controllers
[1.889s] Installing pure_pursuit_ctrl script to /home/lukasz/autoware/ts_controllers/install/ts_controllers/lib/ts_controllers
[1.890s] Installing stanley_ctrl script to /home/lukasz/autoware/ts_controllers/install/ts_controllers/lib/ts_controllers
[1.890s] writing list of installed files to '/home/lukasz/autoware/ts_controllers/build/ts_controllers/install.log'
[1.923s] Invoked command in '/home/lukasz/autoware/ts_controllers' returned '0': PYTHONPATH=/home/lukasz/autoware/ts_controllers/build/ts_controllers/prefix_override:/home/lukasz/autoware/ts_controllers/install/ts_controllers/lib/python3.10/site-packages:${PYTHONPATH} /usr/bin/python3 setup.py egg_info --egg-base build/ts_controllers build --build-base /home/lukasz/autoware/ts_controllers/build/ts_controllers/build install --record /home/lukasz/autoware/ts_controllers/build/ts_controllers/install.log --single-version-externally-managed
