[0.583s] DEBUG:colcon:Command line arguments: ['/usr/bin/colcon', 'build']
[0.583s] DEBUG:colcon:Parsed command line arguments: Namespace(log_base=None, log_level=None, verb_name='build', build_base='build', install_base='install', merge_install=False, symlink_install=False, test_result_base=None, continue_on_error=False, executor='parallel', parallel_workers=8, event_handlers=None, ignore_user_meta=False, metas=['./colcon.meta'], base_paths=['.'], packages_ignore=None, packages_ignore_regex=None, paths=None, packages_up_to=None, packages_up_to_regex=None, packages_above=None, packages_above_and_dependencies=None, packages_above_depth=None, packages_select_by_dep=None, packages_skip_by_dep=None, packages_skip_up_to=None, packages_select_build_failed=False, packages_skip_build_finished=False, packages_select_test_failures=False, packages_skip_test_passed=False, packages_select=None, packages_skip=None, packages_select_regex=None, packages_skip_regex=None, packages_start=None, packages_end=None, allow_overriding=[], cmake_args=None, cmake_target=None, cmake_target_skip_unavailable=False, cmake_clean_cache=False, cmake_clean_first=False, cmake_force_configure=False, ament_cmake_args=None, catkin_cmake_args=None, catkin_skip_building_tests=False, mixin_files=None, mixin=None, verb_parser=<colcon_mixin.mixin.mixin_argument.MixinArgumentDecorator object at 0x7fa08d84e560>, verb_extension=<colcon_core.verb.build.BuildVerb object at 0x7fa08e15df90>, main=<bound method BuildVerb.main of <colcon_core.verb.build.BuildVerb object at 0x7fa08e15df90>>, mixin_verb=('build',))
[0.619s] Level 1:colcon.colcon_core.package_discovery:discover_packages(colcon_meta) check parameters
[0.619s] Level 1:colcon.colcon_core.package_discovery:discover_packages(recursive) check parameters
[0.619s] Level 1:colcon.colcon_core.package_discovery:discover_packages(ignore) check parameters
[0.619s] Level 1:colcon.colcon_core.package_discovery:discover_packages(path) check parameters
[0.619s] Level 1:colcon.colcon_core.package_discovery:discover_packages(colcon_meta) discover
[0.619s] Level 1:colcon.colcon_core.package_discovery:discover_packages(recursive) discover
[0.619s] INFO:colcon.colcon_core.package_discovery:Crawling recursively for packages in '/home/lukasz/autoware/ts_controllers'
[0.620s] Level 1:colcon.colcon_core.package_identification:_identify(.) by extensions ['ignore', 'ignore_ament_install']
[0.620s] Level 1:colcon.colcon_core.package_identification:_identify(.) by extension 'ignore'
[0.620s] Level 1:colcon.colcon_core.package_identification:_identify(.) by extension 'ignore_ament_install'
[0.620s] Level 1:colcon.colcon_core.package_identification:_identify(.) by extensions ['colcon_pkg']
[0.620s] Level 1:colcon.colcon_core.package_identification:_identify(.) by extension 'colcon_pkg'
[0.620s] Level 1:colcon.colcon_core.package_identification:_identify(.) by extensions ['colcon_meta']
[0.620s] Level 1:colcon.colcon_core.package_identification:_identify(.) by extension 'colcon_meta'
[0.620s] Level 1:colcon.colcon_core.package_identification:_identify(.) by extensions ['ros']
[0.621s] Level 1:colcon.colcon_core.package_identification:_identify(.) by extension 'ros'
[0.642s] DEBUG:colcon.colcon_core.package_identification:Package '.' with type 'ros.ament_python' and name 'ts_controllers'
[0.642s] Level 1:colcon.colcon_core.package_discovery:discover_packages(recursive) using defaults
[0.642s] Level 1:colcon.colcon_core.package_discovery:discover_packages(ignore) discover
[0.642s] Level 1:colcon.colcon_core.package_discovery:discover_packages(ignore) using defaults
[0.642s] Level 1:colcon.colcon_core.package_discovery:discover_packages(path) discover
[0.642s] Level 1:colcon.colcon_core.package_discovery:discover_packages(path) using defaults
[0.684s] Level 1:colcon.colcon_core.package_discovery:discover_packages(prefix_path) check parameters
[0.684s] Level 1:colcon.colcon_core.package_discovery:discover_packages(prefix_path) discover
[0.705s] DEBUG:colcon.colcon_installed_package_information.package_discovery:Found 1 installed packages in /home/lukasz/autoware/ts_controllers/install
[0.713s] DEBUG:colcon.colcon_installed_package_information.package_discovery:Found 279 installed packages in /home/lukasz/autoware/install
[0.719s] DEBUG:colcon.colcon_installed_package_information.package_discovery:Found 1 installed packages in /home/lukasz/autoware/tswr_awsim/install
[0.723s] DEBUG:colcon.colcon_installed_package_information.package_discovery:Found 333 installed packages in /opt/ros/humble
[0.727s] Level 1:colcon.colcon_core.package_discovery:discover_packages(prefix_path) using defaults
[0.845s] Level 5:colcon.colcon_core.verb:set package 'ts_controllers' build argument 'cmake_args' from command line to 'None'
[0.845s] Level 5:colcon.colcon_core.verb:set package 'ts_controllers' build argument 'cmake_target' from command line to 'None'
[0.845s] Level 5:colcon.colcon_core.verb:set package 'ts_controllers' build argument 'cmake_target_skip_unavailable' from command line to 'False'
[0.845s] Level 5:colcon.colcon_core.verb:set package 'ts_controllers' build argument 'cmake_clean_cache' from command line to 'False'
[0.845s] Level 5:colcon.colcon_core.verb:set package 'ts_controllers' build argument 'cmake_clean_first' from command line to 'False'
[0.845s] Level 5:colcon.colcon_core.verb:set package 'ts_controllers' build argument 'cmake_force_configure' from command line to 'False'
[0.845s] Level 5:colcon.colcon_core.verb:set package 'ts_controllers' build argument 'ament_cmake_args' from command line to 'None'
[0.845s] Level 5:colcon.colcon_core.verb:set package 'ts_controllers' build argument 'catkin_cmake_args' from command line to 'None'
[0.845s] Level 5:colcon.colcon_core.verb:set package 'ts_controllers' build argument 'catkin_skip_building_tests' from command line to 'False'
[0.845s] DEBUG:colcon.colcon_core.verb:Building package 'ts_controllers' with the following arguments: {'ament_cmake_args': None, 'build_base': '/home/lukasz/autoware/ts_controllers/build/ts_controllers', 'catkin_cmake_args': None, 'catkin_skip_building_tests': False, 'cmake_args': None, 'cmake_clean_cache': False, 'cmake_clean_first': False, 'cmake_force_configure': False, 'cmake_target': None, 'cmake_target_skip_unavailable': False, 'install_base': '/home/lukasz/autoware/ts_controllers/install/ts_controllers', 'merge_install': False, 'path': '/home/lukasz/autoware/ts_controllers', 'symlink_install': False, 'test_result_base': None}
[0.847s] INFO:colcon.colcon_core.executor:Executing jobs using 'parallel' executor
[0.851s] DEBUG:colcon.colcon_parallel_executor.executor.parallel:run_until_complete
[0.852s] INFO:colcon.colcon_ros.task.ament_python.build:Building ROS package in '/home/lukasz/autoware/ts_controllers' with build type 'ament_python'
[0.852s] Level 1:colcon.colcon_core.shell:create_environment_hook('ts_controllers', 'ament_prefix_path')
[0.860s] INFO:colcon.colcon_core.plugin_system:Skipping extension 'colcon_core.shell.bat': Not used on non-Windows systems
[0.861s] INFO:colcon.colcon_core.shell:Creating environment hook '/home/lukasz/autoware/ts_controllers/install/ts_controllers/share/ts_controllers/hook/ament_prefix_path.ps1'
[0.861s] INFO:colcon.colcon_core.shell:Creating environment descriptor '/home/lukasz/autoware/ts_controllers/install/ts_controllers/share/ts_controllers/hook/ament_prefix_path.dsv'
[0.862s] INFO:colcon.colcon_core.shell:Creating environment hook '/home/lukasz/autoware/ts_controllers/install/ts_controllers/share/ts_controllers/hook/ament_prefix_path.sh'
[0.864s] INFO:colcon.colcon_core.shell:Skip shell extension 'powershell' for command environment: Not usable outside of PowerShell
[0.864s] DEBUG:colcon.colcon_core.shell:Skip shell extension 'dsv' for command environment
[1.073s] DEBUG:colcon.colcon_parallel_executor.executor.parallel:run_until_complete was interrupted
[1.073s] DEBUG:colcon.colcon_parallel_executor.executor.parallel:run_until_complete again
[1.074s] DEBUG:colcon.colcon_parallel_executor.executor.parallel:run_until_complete finished
[1.074s] DEBUG:colcon.colcon_parallel_executor.executor.parallel:closing loop
[1.074s] DEBUG:colcon.colcon_parallel_executor.executor.parallel:loop closed
[1.074s] DEBUG:colcon.colcon_core.event_reactor:joining thread
[1.087s] INFO:colcon.colcon_core.plugin_system:Skipping extension 'colcon_notification.desktop_notification.notify_send': Could not find 'notify-send'
[1.087s] INFO:colcon.colcon_core.plugin_system:Skipping extension 'colcon_notification.desktop_notification.terminal_notifier': Not used on non-Darwin systems
[1.088s] INFO:colcon.colcon_core.plugin_system:Skipping extension 'colcon_notification.desktop_notification.win32': Not used on non-Windows systems
[1.088s] INFO:colcon.colcon_notification.desktop_notification:Sending desktop notification using 'notify2'
[1.091s] DEBUG:colcon.colcon_notification.desktop_notification.notify2:Failed to initialize notify2: org.freedesktop.DBus.Error.Spawn.ExecFailed: /usr/bin/dbus-launch terminated abnormally without any error message
[1.091s] DEBUG:colcon.colcon_core.event_reactor:joined thread
[1.095s] INFO:colcon.colcon_core.shell:Creating prefix script '/home/lukasz/autoware/ts_controllers/install/local_setup.ps1'
[1.096s] INFO:colcon.colcon_core.shell:Creating prefix util module '/home/lukasz/autoware/ts_controllers/install/_local_setup_util_ps1.py'
[1.098s] INFO:colcon.colcon_core.shell:Creating prefix chain script '/home/lukasz/autoware/ts_controllers/install/setup.ps1'
[1.114s] INFO:colcon.colcon_core.shell:Creating prefix script '/home/lukasz/autoware/ts_controllers/install/local_setup.sh'
[1.115s] INFO:colcon.colcon_core.shell:Creating prefix util module '/home/lukasz/autoware/ts_controllers/install/_local_setup_util_sh.py'
[1.116s] INFO:colcon.colcon_core.shell:Creating prefix chain script '/home/lukasz/autoware/ts_controllers/install/setup.sh'
[1.132s] INFO:colcon.colcon_core.shell:Creating prefix script '/home/lukasz/autoware/ts_controllers/install/local_setup.bash'
[1.133s] INFO:colcon.colcon_core.shell:Creating prefix chain script '/home/lukasz/autoware/ts_controllers/install/setup.bash'
[1.152s] INFO:colcon.colcon_core.shell:Creating prefix script '/home/lukasz/autoware/ts_controllers/install/local_setup.zsh'
[1.153s] INFO:colcon.colcon_core.shell:Creating prefix chain script '/home/lukasz/autoware/ts_controllers/install/setup.zsh'
